#
# There is insufficient memory for the Java Runtime Environment to continue.
# Native memory allocation (mmap) failed to map 65536 bytes for Failed to commit metaspace.
# Possible reasons:
#   The system is out of physical RAM or swap space
#   The process is running with CompressedOops enabled, and the Java Heap may be blocking the growth of the native heap
# Possible solutions:
#   Reduce memory load on the system
#   Increase physical memory or swap space
#   Check if swap backing store is full
#   Decrease Java heap size (-Xmx/-Xms)
#   Decrease number of Java threads
#   Decrease Java thread stack sizes (-Xss)
#   Set larger code cache with -XX:ReservedCodeCacheSize=
#   JVM is running with Unscaled Compressed Oops mode in which the Java heap is
#     placed in the first 4GB address space. The Java Heap base address is the
#     maximum limit for the native heap growth. Please use -XX:HeapBaseMinAddress
#     to set the Java Heap base and to place the Java Heap above 4GB virtual address.
# This output file may be truncated or incomplete.
#
#  Out of Memory Error (virtualSpaceNode.cpp:110), pid=4696, tid=17092
#
# JRE version: OpenJDK Runtime Environment Temurin-17.0.1+12 (17.0.1+12) (build 17.0.1+12)
# Java VM: OpenJDK 64-Bit Server VM Temurin-17.0.1+12 (17.0.1+12, mixed mode, tiered, compressed oops, compressed class ptrs, g1 gc, windows-amd64)
# No core dump will be written. Minidumps are not enabled by default on client versions of Windows
#

---------------  S U M M A R Y ------------

Command Line: -Dfile.encoding=Cp1252 -XX:+ShowCodeDetailsInExceptionMessages -Djava.net.preferIPv4Stack=true project.Main

Host: Intel(R) Core(TM) M-5Y10c CPU @ 0.80GHz, 4 cores, 3G,  Windows 10 , 64 bit Build 17134 (10.0.17134.1)
Time: Sat Jun 11 23:19:34 2022 Pakistan Standard Time elapsed time: 1.736151 seconds (0d 0h 0m 1s)

---------------  T H R E A D  ---------------

Current thread (0x0000026fcd41be20):  JavaThread "main" [_thread_in_vm, id=17092, stack(0x000000cf55600000,0x000000cf55700000)]

Stack: [0x000000cf55600000,0x000000cf55700000]
Native frames: (J=compiled Java code, j=interpreted, Vv=VM code, C=native code)
V  [jvm.dll+0x6744da]
V  [jvm.dll+0x82e144]
V  [jvm.dll+0x82f8ee]
V  [jvm.dll+0x82ff53]
V  [jvm.dll+0x245175]
V  [jvm.dll+0x82a0eb]
V  [jvm.dll+0x619566]
V  [jvm.dll+0x1bff1e]
V  [jvm.dll+0x61beb1]
V  [jvm.dll+0x619f06]
V  [jvm.dll+0x2396df]
V  [jvm.dll+0x623b45]
V  [jvm.dll+0x1e9e4b]
V  [jvm.dll+0x1ea385]
V  [jvm.dll+0x1eadbf]
V  [jvm.dll+0x1e0261]
V  [jvm.dll+0x53b150]
V  [jvm.dll+0x1f0a57]
V  [jvm.dll+0x7a87ab]
V  [jvm.dll+0x7a9b52]
V  [jvm.dll+0x7a9e88]
V  [jvm.dll+0x23d45e]
V  [jvm.dll+0x37e5ae]
C  0x0000026fd0adb6e4

Java frames: (J=compiled Java code, j=interpreted, Vv=VM code)
j  javax.swing.text.AbstractDocument.<init>(Ljavax/swing/text/AbstractDocument$Content;Ljavax/swing/text/AbstractDocument$AttributeContext;)V+31 java.desktop@17.0.1
j  javax.swing.text.DefaultStyledDocument.<init>(Ljavax/swing/text/AbstractDocument$Content;Ljavax/swing/text/StyleContext;)V+3 java.desktop@17.0.1
j  javax.swing.text.html.HTMLDocument.<init>(Ljavax/swing/text/AbstractDocument$Content;Ljavax/swing/text/html/StyleSheet;)V+3 java.desktop@17.0.1
j  javax.swing.text.html.HTMLDocument.<init>(Ljavax/swing/text/html/StyleSheet;)V+12 java.desktop@17.0.1
j  javax.swing.plaf.basic.BasicHTML$BasicDocument.<init>(Ljavax/swing/text/html/StyleSheet;Ljava/awt/Font;Ljava/awt/Color;)V+2 java.desktop@17.0.1
j  javax.swing.plaf.basic.BasicHTML$BasicEditorKit.createDefaultDocument(Ljava/awt/Font;Ljava/awt/Color;)Ljavax/swing/text/Document;+28 java.desktop@17.0.1
j  javax.swing.plaf.basic.BasicHTML.createHTMLView(Ljavax/swing/JComponent;Ljava/lang/String;)Ljavax/swing/text/View;+13 java.desktop@17.0.1
j  javax.swing.plaf.basic.BasicHTML.updateRenderer(Ljavax/swing/JComponent;Ljava/lang/String;)V+40 java.desktop@17.0.1
j  javax.swing.plaf.basic.BasicLabelUI.propertyChange(Ljava/beans/PropertyChangeEvent;)V+50 java.desktop@17.0.1
j  java.beans.PropertyChangeSupport.fire([Ljava/beans/PropertyChangeListener;Ljava/beans/PropertyChangeEvent;)V+27 java.desktop@17.0.1
j  java.beans.PropertyChangeSupport.firePropertyChange(Ljava/beans/PropertyChangeEvent;)V+71 java.desktop@17.0.1
j  java.beans.PropertyChangeSupport.firePropertyChange(Ljava/lang/String;Ljava/lang/Object;Ljava/lang/Object;)V+31 java.desktop@17.0.1
j  java.awt.Component.firePropertyChange(Ljava/lang/String;Ljava/lang/Object;Ljava/lang/Object;)V+55 java.desktop@17.0.1
j  javax.swing.JLabel.setText(Ljava/lang/String;)V+32 java.desktop@17.0.1
j  project.WelcomeScreen.<init>()V+97
j  project.Main.main([Ljava/lang/String;)V+4
v  ~StubRoutines::call_stub

---------------  P R O C E S S  ---------------

Threads class SMR info:
_java_thread_list=0x0000026fe545bab0, length=15, elements={
0x0000026fcd41be20, 0x0000026fe44d93e0, 0x0000026fe448bf40, 0x0000026fe44af9c0,
0x0000026fe44b0a90, 0x0000026fe450fc50, 0x0000026fe45130f0, 0x0000026fe45141b0,
0x0000026fe4535e80, 0x0000026fe4541380, 0x0000026fe5165420, 0x0000026fe5179bd0,
0x0000026fe53f9540, 0x0000026fe5443d20, 0x0000026fe54b6260
}

Java Threads: ( => current thread )
=>0x0000026fcd41be20 JavaThread "main" [_thread_in_vm, id=17092, stack(0x000000cf55600000,0x000000cf55700000)]
  0x0000026fe44d93e0 JavaThread "Reference Handler" daemon [_thread_blocked, id=16812, stack(0x000000cf55d00000,0x000000cf55e00000)]
  0x0000026fe448bf40 JavaThread "Finalizer" daemon [_thread_blocked, id=16052, stack(0x000000cf55e00000,0x000000cf55f00000)]
  0x0000026fe44af9c0 JavaThread "Signal Dispatcher" daemon [_thread_blocked, id=8144, stack(0x000000cf55f00000,0x000000cf56000000)]
  0x0000026fe44b0a90 JavaThread "Attach Listener" daemon [_thread_blocked, id=13328, stack(0x000000cf56000000,0x000000cf56100000)]
  0x0000026fe450fc50 JavaThread "Service Thread" daemon [_thread_blocked, id=6272, stack(0x000000cf56100000,0x000000cf56200000)]
  0x0000026fe45130f0 JavaThread "Monitor Deflation Thread" daemon [_thread_blocked, id=3108, stack(0x000000cf56200000,0x000000cf56300000)]
  0x0000026fe45141b0 JavaThread "C2 CompilerThread0" daemon [_thread_blocked, id=9408, stack(0x000000cf56300000,0x000000cf56400000)]
  0x0000026fe4535e80 JavaThread "C1 CompilerThread0" daemon [_thread_blocked, id=7648, stack(0x000000cf56400000,0x000000cf56500000)]
  0x0000026fe4541380 JavaThread "Sweeper thread" daemon [_thread_blocked, id=7056, stack(0x000000cf56500000,0x000000cf56600000)]
  0x0000026fe5165420 JavaThread "Notification Thread" daemon [_thread_blocked, id=12600, stack(0x000000cf56600000,0x000000cf56700000)]
  0x0000026fe5179bd0 JavaThread "Common-Cleaner" daemon [_thread_blocked, id=11704, stack(0x000000cf56800000,0x000000cf56900000)]
  0x0000026fe53f9540 JavaThread "Java2D Disposer" daemon [_thread_blocked, id=7392, stack(0x000000cf56900000,0x000000cf56a00000)]
  0x0000026fe5443d20 JavaThread "AWT-Windows" daemon [_thread_in_native, id=3200, stack(0x000000cf56b00000,0x000000cf56c00000)]
  0x0000026fe54b6260 JavaThread "Image Fetcher 0" daemon [_thread_blocked, id=9924, stack(0x000000cf56d00000,0x000000cf56e00000)]

Other Threads:
  0x0000026fcd4ee290 VMThread "VM Thread" [stack: 0x000000cf55c00000,0x000000cf55d00000] [id=13188]
  0x0000026fe5171920 WatcherThread [stack: 0x000000cf56700000,0x000000cf56800000] [id=6388]
  0x0000026fcd44ad90 GCTaskThread "GC Thread#0" [stack: 0x000000cf55700000,0x000000cf55800000] [id=3576]
  0x0000026fcd455d80 ConcurrentGCThread "G1 Main Marker" [stack: 0x000000cf55800000,0x000000cf55900000] [id=15576]
  0x0000026fcd4573a0 ConcurrentGCThread "G1 Conc#0" [stack: 0x000000cf55900000,0x000000cf55a00000] [id=16800]
  0x0000026fcd4a3d10 ConcurrentGCThread "G1 Refine#0" [stack: 0x000000cf55a00000,0x000000cf55b00000] [id=5932]
  0x0000026fcd4a53b0 ConcurrentGCThread "G1 Service" [stack: 0x000000cf55b00000,0x000000cf55c00000] [id=3580]

Threads with active compile tasks:

VM state: not at safepoint (normal execution)

VM Mutex/Monitor currently owned by a thread:  ([mutex/lock_event])
[0x0000026fcd416cc0] Metaspace_lock - owner thread: 0x0000026fcd41be20

Heap address: 0x00000000c1400000, size: 1004 MB, Compressed Oops mode: 32-bit

CDS archive(s) not mapped
Compressed class space mapped at: 0x0000000100000000-0x0000000140000000, reserved size: 1073741824
Narrow klass base: 0x0000000000000000, Narrow klass shift: 3, Narrow klass range: 0x140000000

GC Precious Log:
 CPUs: 4 total, 4 available
 Memory: 4011M
 Large Page Support: Disabled
 NUMA Support: Disabled
 Compressed Oops: Enabled (32-bit)
 Heap Region Size: 1M
 Heap Min Capacity: 8M
 Heap Initial Capacity: 64M
 Heap Max Capacity: 1004M
 Pre-touch: Disabled
 Parallel Workers: 4
 Concurrent Workers: 1
 Concurrent Refinement Workers: 4
 Periodic GC: Disabled

Heap:
 garbage-first heap   total 65536K, used 8192K [0x00000000c1400000, 0x0000000100000000)
  region size 1024K, 7 young (7168K), 0 survivors (0K)
 Metaspace       used 11192K, committed 11328K, reserved 1064960K
  class space    used 1085K, committed 1152K, reserved 1048576K

Heap Regions: E=young(eden), S=young(survivor), O=old, HS=humongous(starts), HC=humongous(continues), CS=collection set, F=free, OA=open archive, CA=closed archive, TAMS=top-at-mark-start (previous, next)
|   0|0x00000000c1400000, 0x00000000c1500000, 0x00000000c1500000|100%|HS|  |TAMS 0x00000000c1400000, 0x00000000c1400000| Complete 
|   1|0x00000000c1500000, 0x00000000c1600000, 0x00000000c1600000|100%|HC|  |TAMS 0x00000000c1500000, 0x00000000c1500000| Complete 
|   2|0x00000000c1600000, 0x00000000c1600000, 0x00000000c1700000|  0%| F|  |TAMS 0x00000000c1600000, 0x00000000c1600000| Untracked 
|   3|0x00000000c1700000, 0x00000000c1700000, 0x00000000c1800000|  0%| F|  |TAMS 0x00000000c1700000, 0x00000000c1700000| Untracked 
|   4|0x00000000c1800000, 0x00000000c1800000, 0x00000000c1900000|  0%| F|  |TAMS 0x00000000c1800000, 0x00000000c1800000| Untracked 
|   5|0x00000000c1900000, 0x00000000c1900000, 0x00000000c1a00000|  0%| F|  |TAMS 0x00000000c1900000, 0x00000000c1900000| Untracked 
|   6|0x00000000c1a00000, 0x00000000c1a00000, 0x00000000c1b00000|  0%| F|  |TAMS 0x00000000c1a00000, 0x00000000c1a00000| Untracked 
|   7|0x00000000c1b00000, 0x00000000c1b00000, 0x00000000c1c00000|  0%| F|  |TAMS 0x00000000c1b00000, 0x00000000c1b00000| Untracked 
|   8|0x00000000c1c00000, 0x00000000c1c00000, 0x00000000c1d00000|  0%| F|  |TAMS 0x00000000c1c00000, 0x00000000c1c00000| Untracked 
|   9|0x00000000c1d00000, 0x00000000c1d00000, 0x00000000c1e00000|  0%| F|  |TAMS 0x00000000c1d00000, 0x00000000c1d00000| Untracked 
|  10|0x00000000c1e00000, 0x00000000c1e00000, 0x00000000c1f00000|  0%| F|  |TAMS 0x00000000c1e00000, 0x00000000c1e00000| Untracked 
|  11|0x00000000c1f00000, 0x00000000c1f00000, 0x00000000c2000000|  0%| F|  |TAMS 0x00000000c1f00000, 0x00000000c1f00000| Untracked 
|  12|0x00000000c2000000, 0x00000000c2000000, 0x00000000c2100000|  0%| F|  |TAMS 0x00000000c2000000, 0x00000000c2000000| Untracked 
|  13|0x00000000c2100000, 0x00000000c2100000, 0x00000000c2200000|  0%| F|  |TAMS 0x00000000c2100000, 0x00000000c2100000| Untracked 
|  14|0x00000000c2200000, 0x00000000c2200000, 0x00000000c2300000|  0%| F|  |TAMS 0x00000000c2200000, 0x00000000c2200000| Untracked 
|  15|0x00000000c2300000, 0x00000000c2300000, 0x00000000c2400000|  0%| F|  |TAMS 0x00000000c2300000, 0x00000000c2300000| Untracked 
|  16|0x00000000c2400000, 0x00000000c2400000, 0x00000000c2500000|  0%| F|  |TAMS 0x00000000c2400000, 0x00000000c2400000| Untracked 
|  17|0x00000000c2500000, 0x00000000c2500000, 0x00000000c2600000|  0%| F|  |TAMS 0x00000000c2500000, 0x00000000c2500000| Untracked 
|  18|0x00000000c2600000, 0x00000000c2600000, 0x00000000c2700000|  0%| F|  |TAMS 0x00000000c2600000, 0x00000000c2600000| Untracked 
|  19|0x00000000c2700000, 0x00000000c2700000, 0x00000000c2800000|  0%| F|  |TAMS 0x00000000c2700000, 0x00000000c2700000| Untracked 
|  20|0x00000000c2800000, 0x00000000c2800000, 0x00000000c2900000|  0%| F|  |TAMS 0x00000000c2800000, 0x00000000c2800000| Untracked 
|  21|0x00000000c2900000, 0x00000000c2900000, 0x00000000c2a00000|  0%| F|  |TAMS 0x00000000c2900000, 0x00000000c2900000| Untracked 
|  22|0x00000000c2a00000, 0x00000000c2a00000, 0x00000000c2b00000|  0%| F|  |TAMS 0x00000000c2a00000, 0x00000000c2a00000| Untracked 
|  23|0x00000000c2b00000, 0x00000000c2b00000, 0x00000000c2c00000|  0%| F|  |TAMS 0x00000000c2b00000, 0x00000000c2b00000| Untracked 
|  24|0x00000000c2c00000, 0x00000000c2c00000, 0x00000000c2d00000|  0%| F|  |TAMS 0x00000000c2c00000, 0x00000000c2c00000| Untracked 
|  25|0x00000000c2d00000, 0x00000000c2d00000, 0x00000000c2e00000|  0%| F|  |TAMS 0x00000000c2d00000, 0x00000000c2d00000| Untracked 
|  26|0x00000000c2e00000, 0x00000000c2e00000, 0x00000000c2f00000|  0%| F|  |TAMS 0x00000000c2e00000, 0x00000000c2e00000| Untracked 
|  27|0x00000000c2f00000, 0x00000000c2f00000, 0x00000000c3000000|  0%| F|  |TAMS 0x00000000c2f00000, 0x00000000c2f00000| Untracked 
|  28|0x00000000c3000000, 0x00000000c3000000, 0x00000000c3100000|  0%| F|  |TAMS 0x00000000c3000000, 0x00000000c3000000| Untracked 
|  29|0x00000000c3100000, 0x00000000c3100000, 0x00000000c3200000|  0%| F|  |TAMS 0x00000000c3100000, 0x00000000c3100000| Untracked 
|  30|0x00000000c3200000, 0x00000000c3200000, 0x00000000c3300000|  0%| F|  |TAMS 0x00000000c3200000, 0x00000000c3200000| Untracked 
|  31|0x00000000c3300000, 0x00000000c3300000, 0x00000000c3400000|  0%| F|  |TAMS 0x00000000c3300000, 0x00000000c3300000| Untracked 
|  32|0x00000000c3400000, 0x00000000c3400000, 0x00000000c3500000|  0%| F|  |TAMS 0x00000000c3400000, 0x00000000c3400000| Untracked 
|  33|0x00000000c3500000, 0x00000000c3500000, 0x00000000c3600000|  0%| F|  |TAMS 0x00000000c3500000, 0x00000000c3500000| Untracked 
|  34|0x00000000c3600000, 0x00000000c3600000, 0x00000000c3700000|  0%| F|  |TAMS 0x00000000c3600000, 0x00000000c3600000| Untracked 
|  35|0x00000000c3700000, 0x00000000c3700000, 0x00000000c3800000|  0%| F|  |TAMS 0x00000000c3700000, 0x00000000c3700000| Untracked 
|  36|0x00000000c3800000, 0x00000000c3800000, 0x00000000c3900000|  0%| F|  |TAMS 0x00000000c3800000, 0x00000000c3800000| Untracked 
|  37|0x00000000c3900000, 0x00000000c3900000, 0x00000000c3a00000|  0%| F|  |TAMS 0x00000000c3900000, 0x00000000c3900000| Untracked 
|  38|0x00000000c3a00000, 0x00000000c3a00000, 0x00000000c3b00000|  0%| F|  |TAMS 0x00000000c3a00000, 0x00000000c3a00000| Untracked 
|  39|0x00000000c3b00000, 0x00000000c3b00000, 0x00000000c3c00000|  0%| F|  |TAMS 0x00000000c3b00000, 0x00000000c3b00000| Untracked 
|  40|0x00000000c3c00000, 0x00000000c3c00000, 0x00000000c3d00000|  0%| F|  |TAMS 0x00000000c3c00000, 0x00000000c3c00000| Untracked 
|  41|0x00000000c3d00000, 0x00000000c3d00000, 0x00000000c3e00000|  0%| F|  |TAMS 0x00000000c3d00000, 0x00000000c3d00000| Untracked 
|  42|0x00000000c3e00000, 0x00000000c3e00000, 0x00000000c3f00000|  0%| F|  |TAMS 0x00000000c3e00000, 0x00000000c3e00000| Untracked 
|  43|0x00000000c3f00000, 0x00000000c3f00000, 0x00000000c4000000|  0%| F|  |TAMS 0x00000000c3f00000, 0x00000000c3f00000| Untracked 
|  44|0x00000000c4000000, 0x00000000c4000000, 0x00000000c4100000|  0%| F|  |TAMS 0x00000000c4000000, 0x00000000c4000000| Untracked 
|  45|0x00000000c4100000, 0x00000000c4100000, 0x00000000c4200000|  0%| F|  |TAMS 0x00000000c4100000, 0x00000000c4100000| Untracked 
|  46|0x00000000c4200000, 0x00000000c4200000, 0x00000000c4300000|  0%| F|  |TAMS 0x00000000c4200000, 0x00000000c4200000| Untracked 
|  47|0x00000000c4300000, 0x00000000c4300000, 0x00000000c4400000|  0%| F|  |TAMS 0x00000000c4300000, 0x00000000c4300000| Untracked 
|  48|0x00000000c4400000, 0x00000000c4400000, 0x00000000c4500000|  0%| F|  |TAMS 0x00000000c4400000, 0x00000000c4400000| Untracked 
|  49|0x00000000c4500000, 0x00000000c4500000, 0x00000000c4600000|  0%| F|  |TAMS 0x00000000c4500000, 0x00000000c4500000| Untracked 
|  50|0x00000000c4600000, 0x00000000c4600000, 0x00000000c4700000|  0%| F|  |TAMS 0x00000000c4600000, 0x00000000c4600000| Untracked 
|  51|0x00000000c4700000, 0x00000000c4700000, 0x00000000c4800000|  0%| F|  |TAMS 0x00000000c4700000, 0x00000000c4700000| Untracked 
|  52|0x00000000c4800000, 0x00000000c4800000, 0x00000000c4900000|  0%| F|  |TAMS 0x00000000c4800000, 0x00000000c4800000| Untracked 
|  53|0x00000000c4900000, 0x00000000c4900000, 0x00000000c4a00000|  0%| F|  |TAMS 0x00000000c4900000, 0x00000000c4900000| Untracked 
|  54|0x00000000c4a00000, 0x00000000c4a00000, 0x00000000c4b00000|  0%| F|  |TAMS 0x00000000c4a00000, 0x00000000c4a00000| Untracked 
|  55|0x00000000c4b00000, 0x00000000c4b00000, 0x00000000c4c00000|  0%| F|  |TAMS 0x00000000c4b00000, 0x00000000c4b00000| Untracked 
|  56|0x00000000c4c00000, 0x00000000c4c00000, 0x00000000c4d00000|  0%| F|  |TAMS 0x00000000c4c00000, 0x00000000c4c00000| Untracked 
|  57|0x00000000c4d00000, 0x00000000c4d46930, 0x00000000c4e00000| 27%| E|  |TAMS 0x00000000c4d00000, 0x00000000c4d00000| Complete 
|  58|0x00000000c4e00000, 0x00000000c4f00000, 0x00000000c4f00000|100%| E|CS|TAMS 0x00000000c4e00000, 0x00000000c4e00000| Complete 
|  59|0x00000000c4f00000, 0x00000000c5000000, 0x00000000c5000000|100%| E|CS|TAMS 0x00000000c4f00000, 0x00000000c4f00000| Complete 
|  60|0x00000000c5000000, 0x00000000c5100000, 0x00000000c5100000|100%| E|CS|TAMS 0x00000000c5000000, 0x00000000c5000000| Complete 
|  61|0x00000000c5100000, 0x00000000c5200000, 0x00000000c5200000|100%| E|CS|TAMS 0x00000000c5100000, 0x00000000c5100000| Complete 
|  62|0x00000000c5200000, 0x00000000c5300000, 0x00000000c5300000|100%| E|CS|TAMS 0x00000000c5200000, 0x00000000c5200000| Complete 
|  63|0x00000000c5300000, 0x00000000c5400000, 0x00000000c5400000|100%| E|CS|TAMS 0x00000000c5300000, 0x00000000c5300000| Complete 

Card table byte_map: [0x0000026fdfcc0000,0x0000026fdfec0000] _byte_map_base: 0x0000026fdf6b6000

Marking Bits (Prev, Next): (CMBitMap*) 0x0000026fcd44d6d0, (CMBitMap*) 0x0000026fcd44d710
 Prev Bits: [0x0000026fe00c0000, 0x0000026fe1070000)
 Next Bits: [0x0000026fe1070000, 0x0000026fe2020000)

Polling page: 0x0000026fcb5c0000

Metaspace:

Usage:
  Non-class:      9.87 MB used.
      Class:      1.06 MB used.
       Both:     10.93 MB used.

Virtual space:
  Non-class space:       16.00 MB reserved,       9.94 MB ( 62%) committed,  2 nodes.
      Class space:        1.00 GB reserved,       1.13 MB ( <1%) committed,  1 nodes.
             Both:        1.02 GB reserved,      11.06 MB (  1%) committed. 

Chunk freelists:
   Non-Class:  2.04 MB
       Class:  2.75 MB
        Both:  4.79 MB

MaxMetaspaceSize: unlimited
CompressedClassSpaceSize: 1.00 GB
Initial GC threshold: 21.00 MB
Current GC threshold: 21.00 MB
CDS: off
MetaspaceReclaimPolicy: balanced
 - commit_granule_bytes: 65536.
 - commit_granule_words: 8192.
 - virtual_space_node_default_size: 1048576.
 - enlarge_chunks_in_place: 1.
 - new_chunks_are_fully_committed: 0.
 - uncommit_free_chunks: 1.
 - use_allocation_guard: 0.
 - handle_deallocations: 1.


Internal statistics:

num_allocs_failed_limit: 0.
num_arena_births: 96.
num_arena_deaths: 0.
num_vsnodes_births: 3.
num_vsnodes_deaths: 0.
num_space_committed: 177.
num_space_uncommitted: 0.
num_chunks_returned_to_freelist: 0.
num_chunks_taken_from_freelist: 156.
num_chunk_merges: 0.
num_chunk_splits: 76.
num_chunks_enlarged: 20.
num_purges: 0.
num_inconsistent_stats: 0.

CodeHeap 'non-profiled nmethods': size=120000Kb used=170Kb max_used=170Kb free=119829Kb
 bounds [0x0000026fd8590000, 0x0000026fd8800000, 0x0000026fdfac0000]
CodeHeap 'profiled nmethods': size=120000Kb used=981Kb max_used=981Kb free=119018Kb
 bounds [0x0000026fd1060000, 0x0000026fd12d0000, 0x0000026fd8590000]
CodeHeap 'non-nmethods': size=5760Kb used=1201Kb max_used=1214Kb free=4558Kb
 bounds [0x0000026fd0ac0000, 0x0000026fd0d30000, 0x0000026fd1060000]
 total_blobs=1091 nmethods=583 adapters=421
 compilation: enabled
              stopped_count=0, restarted_count=0
 full_count=0

Compilation events (20 events):
Event: 1.722 Thread 0x0000026fe4535e80  574  s    1       java.util.Vector::size (5 bytes)
Event: 1.722 Thread 0x0000026fe4535e80 nmethod 574 0x0000026fd85b9210 code [0x0000026fd85b93a0, 0x0000026fd85b9518]
Event: 1.723 Thread 0x0000026fe4535e80  575       3       javax.swing.text.html.CSSParser::parseIdentifiers (245 bytes)
Event: 1.724 Thread 0x0000026fe4535e80 nmethod 575 0x0000026fd1150910 code [0x0000026fd1150c00, 0x0000026fd1152188]
Event: 1.724 Thread 0x0000026fe4535e80  579       3       javax.swing.text.html.CSSParser::getIdentifier (837 bytes)
Event: 1.727 Thread 0x0000026fe4535e80 nmethod 579 0x0000026fd1152810 code [0x0000026fd1152b40, 0x0000026fd1154cc8]
Event: 1.727 Thread 0x0000026fe4535e80  577       1       javax.swing.event.EventListenerList::getListenerList (5 bytes)
Event: 1.727 Thread 0x0000026fe4535e80 nmethod 577 0x0000026fd85b9590 code [0x0000026fd85b9720, 0x0000026fd85b97f8]
Event: 1.727 Thread 0x0000026fe4535e80  576       1       javax.swing.text.StyleContext::getCompressionThreshold (3 bytes)
Event: 1.728 Thread 0x0000026fe4535e80 nmethod 576 0x0000026fd85b9890 code [0x0000026fd85b9a20, 0x0000026fd85b9af8]
Event: 1.728 Thread 0x0000026fe4535e80  578       1       javax.swing.text.html.StyleSheet$CssParser::handleProperty (6 bytes)
Event: 1.728 Thread 0x0000026fe4535e80 nmethod 578 0x0000026fd85b9b90 code [0x0000026fd85b9d20, 0x0000026fd85b9e38]
Event: 1.728 Thread 0x0000026fe4535e80  583       1       javax.swing.text.html.StyleSheet$SelectorMapping::getSpecificity (5 bytes)
Event: 1.728 Thread 0x0000026fe4535e80 nmethod 583 0x0000026fd85b9e90 code [0x0000026fd85ba020, 0x0000026fd85ba0f8]
Event: 1.728 Thread 0x0000026fe4535e80  580       1       java.util.concurrent.locks.AbstractQueuedSynchronizer::getState (5 bytes)
Event: 1.728 Thread 0x0000026fe4535e80 nmethod 580 0x0000026fd85ba190 code [0x0000026fd85ba320, 0x0000026fd85ba3f8]
Event: 1.728 Thread 0x0000026fe4535e80  581       1       java.util.concurrent.locks.AbstractQueuedSynchronizer::setState (6 bytes)
Event: 1.728 Thread 0x0000026fe4535e80 nmethod 581 0x0000026fd85ba490 code [0x0000026fd85ba620, 0x0000026fd85ba6f8]
Event: 1.728 Thread 0x0000026fe4535e80  582       1       java.util.concurrent.locks.AbstractOwnableSynchronizer::getExclusiveOwnerThread (5 bytes)
Event: 1.728 Thread 0x0000026fe4535e80 nmethod 582 0x0000026fd85ba790 code [0x0000026fd85ba920, 0x0000026fd85ba9f8]

GC Heap History (0 events):
No events

Deoptimization events (20 events):
Event: 1.065 Thread 0x0000026fe54b6260 DEOPT PACKING pc=0x0000026fd110a66d sp=0x000000cf56dff280
Event: 1.065 Thread 0x0000026fe54b6260 DEOPT UNPACKING pc=0x0000026fd0b12b43 sp=0x000000cf56dfe6f0 mode 0
Event: 1.189 Thread 0x0000026fe54b6260 DEOPT PACKING pc=0x0000026fd1110987 sp=0x000000cf56dff300
Event: 1.189 Thread 0x0000026fe54b6260 DEOPT UNPACKING pc=0x0000026fd0b12b43 sp=0x000000cf56dfe930 mode 0
Event: 1.395 Thread 0x0000026fe54b6260 DEOPT PACKING pc=0x0000026fd1101621 sp=0x000000cf56dff010
Event: 1.404 Thread 0x0000026fe54b6260 DEOPT UNPACKING pc=0x0000026fd0b12b43 sp=0x000000cf56dfe4e0 mode 0
Event: 1.404 Thread 0x0000026fe54b6260 Uncommon trap: trap_request=0xffffff45 fr.pc=0x0000026fd85b6018 relative=0x0000000000000298
Event: 1.405 Thread 0x0000026fe54b6260 Uncommon trap: reason=unstable_if action=reinterpret pc=0x0000026fd85b6018 method=sun.awt.image.PNGImageDecoder.update_crc(I[BII)I @ 7 c2
Event: 1.405 Thread 0x0000026fe54b6260 DEOPT PACKING pc=0x0000026fd85b6018 sp=0x000000cf56dff020
Event: 1.405 Thread 0x0000026fe54b6260 DEOPT UNPACKING pc=0x0000026fd0b123a3 sp=0x000000cf56dfefe8 mode 2
Event: 1.455 Thread 0x0000026fe54b6260 Uncommon trap: trap_request=0xffffff45 fr.pc=0x0000026fd85b43e0 relative=0x0000000000000940
Event: 1.455 Thread 0x0000026fe54b6260 Uncommon trap: reason=unstable_if action=reinterpret pc=0x0000026fd85b43e0 method=sun.awt.image.PNGImageDecoder.produceImage()V @ 867 c2
Event: 1.456 Thread 0x0000026fe54b6260 DEOPT PACKING pc=0x0000026fd85b43e0 sp=0x000000cf56dff510
Event: 1.456 Thread 0x0000026fe54b6260 DEOPT UNPACKING pc=0x0000026fd0b123a3 sp=0x000000cf56dff430 mode 2
Event: 1.498 Thread 0x0000026fe54b6260 DEOPT PACKING pc=0x0000026fd1136670 sp=0x000000cf56dff270
Event: 1.498 Thread 0x0000026fe54b6260 DEOPT UNPACKING pc=0x0000026fd0b12b43 sp=0x000000cf56dfe760 mode 0
Event: 1.500 Thread 0x0000026fe54b6260 Uncommon trap: trap_request=0xffffff45 fr.pc=0x0000026fd85b6bb0 relative=0x0000000000000310
Event: 1.500 Thread 0x0000026fe54b6260 Uncommon trap: reason=unstable_if action=reinterpret pc=0x0000026fd85b6bb0 method=sun.awt.image.ImageRepresentation.getOpaqueRGBImage()Ljava/awt/image/BufferedImage; @ 57 c2
Event: 1.500 Thread 0x0000026fe54b6260 DEOPT PACKING pc=0x0000026fd85b6bb0 sp=0x000000cf56dff2d0
Event: 1.500 Thread 0x0000026fe54b6260 DEOPT UNPACKING pc=0x0000026fd0b123a3 sp=0x000000cf56dff260 mode 2

Classes unloaded (0 events):
No events

Classes redefined (0 events):
No events

Internal exceptions (11 events):
Event: 0.310 Thread 0x0000026fcd41be20 Exception <a 'java/lang/ClassNotFoundException'{0x00000000c5234ce8}: sun/awt/resources/spi/awtProvider> (0x00000000c5234ce8) 
thrown [e:\jenkins\tmp\workspace\build\src\src\hotspot\share\classfile\systemDictionary.cpp, line 256]
Event: 0.376 Thread 0x0000026fcd41be20 Exception <a 'java/io/FileNotFoundException'{0x00000000c528f858}> (0x00000000c528f858) 
thrown [e:\jenkins\tmp\workspace\build\src\src\hotspot\share\prims\jni.cpp, line 516]
Event: 0.395 Thread 0x0000026fcd41be20 Exception <a 'java/io/FileNotFoundException'{0x00000000c52bc7e0}> (0x00000000c52bc7e0) 
thrown [e:\jenkins\tmp\workspace\build\src\src\hotspot\share\prims\jni.cpp, line 516]
Event: 0.497 Thread 0x0000026fcd41be20 Exception <a 'java/lang/NoSuchMethodError'{0x00000000c510e280}: 'java.lang.Object java.lang.invoke.DirectMethodHandle$Holder.invokeStaticInit(java.lang.Object)'> (0x00000000c510e280) 
thrown [e:\jenkins\tmp\workspace\build\src\src\hotspot\share\interpreter\linkResolver.cpp, line 766]
Event: 0.553 Thread 0x0000026fcd41be20 Exception <a 'java/lang/NoSuchMethodError'{0x00000000c519abd0}: 'void java.lang.invoke.DirectMethodHandle$Holder.invokeSpecial(java.lang.Object, java.lang.Object, java.lang.Object)'> (0x00000000c519abd0) 
thrown [e:\jenkins\tmp\workspace\build\src\src\hotspot\share\interpreter\linkResolver.cpp, line 766]
Event: 0.564 Thread 0x0000026fcd41be20 Exception <a 'java/lang/NoSuchMethodError'{0x00000000c51c4d80}: 'java.lang.Object java.lang.invoke.DirectMethodHandle$Holder.newInvokeSpecial(java.lang.Object, java.lang.Object, java.lang.Object, java.lang.Object, java.lang.Object)'> (0x00000000c51c4d80) 
thrown [e:\jenkins\tmp\workspace\build\src\src\hotspot\share\interpreter\linkResolver.cpp, line 766]
Event: 0.566 Thread 0x0000026fcd41be20 Exception <a 'java/lang/NoSuchMethodError'{0x00000000c51d0990}: 'java.lang.Object java.lang.invoke.DirectMethodHandle$Holder.invokeStatic(java.lang.Object, int, java.lang.Object, java.lang.Object, java.lang.Object, java.lang.Object)'> (0x00000000c51d0990) 
thrown [e:\jenkins\tmp\workspace\build\src\src\hotspot\share\interpreter\linkResolver.cpp, line 766]
Event: 0.572 Thread 0x0000026fcd41be20 Exception <a 'java/lang/NoSuchMethodError'{0x00000000c51f6150}: 'java.lang.Object java.lang.invoke.DirectMethodHandle$Holder.invokeStatic(java.lang.Object, int, java.lang.Object)'> (0x00000000c51f6150) 
thrown [e:\jenkins\tmp\workspace\build\src\src\hotspot\share\interpreter\linkResolver.cpp, line 766]
Event: 0.607 Thread 0x0000026fcd41be20 Exception <a 'java/lang/ClassNotFoundException'{0x00000000c50ae168}: com/sun/swing/internal/plaf/metal/resources/spi/metalProvider> (0x00000000c50ae168) 
thrown [e:\jenkins\tmp\workspace\build\src\src\hotspot\share\classfile\systemDictionary.cpp, line 256]
Event: 0.609 Thread 0x0000026fcd41be20 Exception <a 'java/lang/ClassNotFoundException'{0x00000000c50b1ff0}: com/sun/swing/internal/plaf/basic/resources/spi/basicProvider> (0x00000000c50b1ff0) 
thrown [e:\jenkins\tmp\workspace\build\src\src\hotspot\share\classfile\systemDictionary.cpp, line 256]
Event: 0.643 Thread 0x0000026fe54b6260 Exception <a 'java/lang/NoSuchMethodError'{0x00000000c4f20360}: 'java.lang.Object java.lang.invoke.DirectMethodHandle$Holder.newInvokeSpecial(java.lang.Object, java.lang.Object, java.lang.Object, int, int, int, int, int)'> (0x00000000c4f20360) 
thrown [e:\jenkins\tmp\workspace\build\src\src\hotspot\share\interpreter\linkResolver.cpp, line 766]

VM Operations (6 events):
Event: 0.607 Executing VM operation: HandshakeAllThreads
Event: 0.607 Executing VM operation: HandshakeAllThreads done
Event: 1.550 Executing VM operation: HandshakeAllThreads
Event: 1.588 Executing VM operation: HandshakeAllThreads done
Event: 1.588 Executing VM operation: Cleanup
Event: 1.588 Executing VM operation: Cleanup done

Events (20 events):
Event: 1.730 loading class javax/swing/text/StyledDocument
Event: 1.730 loading class javax/swing/text/Document
Event: 1.730 loading class javax/swing/text/Document done
Event: 1.730 loading class javax/swing/text/StyledDocument done
Event: 1.730 loading class javax/swing/text/AbstractDocument
Event: 1.731 loading class javax/swing/text/AbstractDocument done
Event: 1.731 loading class javax/swing/text/DefaultStyledDocument done
Event: 1.731 loading class javax/swing/text/html/HTMLDocument done
Event: 1.731 loading class javax/swing/plaf/basic/BasicHTML$BasicDocument done
Event: 1.732 loading class javax/swing/text/GapContent
Event: 1.732 loading class javax/swing/text/AbstractDocument$Content
Event: 1.733 loading class javax/swing/text/AbstractDocument$Content done
Event: 1.733 loading class javax/swing/text/GapVector
Event: 1.733 loading class javax/swing/text/GapVector done
Event: 1.733 loading class javax/swing/text/GapContent done
Event: 1.733 loading class javax/swing/text/GapContent$MarkVector
Event: 1.733 loading class javax/swing/text/GapContent$MarkVector done
Event: 1.733 loading class javax/swing/text/GapContent$MarkData
Event: 1.734 loading class javax/swing/text/GapContent$MarkData done
Event: 1.734 loading class javax/swing/text/AbstractDocument$BidiRootElement


Dynamic libraries:
0x00007ff6a1870000 - 0x00007ff6a187e000 	C:\Users\Muhammad\.p2\pool\plugins\org.eclipse.justj.openjdk.hotspot.jre.full.win32.x86_64_17.0.1.v20211116-1657\jre\bin\javaw.exe
0x00007ffd603c0000 - 0x00007ffd605a1000 	C:\Windows\SYSTEM32\ntdll.dll
0x00007ffd601e0000 - 0x00007ffd60292000 	C:\Windows\System32\KERNEL32.DLL
0x00007ffd5ca20000 - 0x00007ffd5cc93000 	C:\Windows\System32\KERNELBASE.dll
0x00007ffd5d670000 - 0x00007ffd5d76a000 	C:\Windows\System32\ucrtbase.dll
0x00007ffd4ec40000 - 0x00007ffd4ec58000 	C:\Users\Muhammad\.p2\pool\plugins\org.eclipse.justj.openjdk.hotspot.jre.full.win32.x86_64_17.0.1.v20211116-1657\jre\bin\jli.dll
0x00007ffd5d860000 - 0x00007ffd5d9f0000 	C:\Windows\System32\USER32.dll
0x00007ffd5cf40000 - 0x00007ffd5cf60000 	C:\Windows\System32\win32u.dll
0x00007ffd60360000 - 0x00007ffd60388000 	C:\Windows\System32\GDI32.dll
0x00007ffd5c880000 - 0x00007ffd5ca12000 	C:\Windows\System32\gdi32full.dll
0x00007ffd5c790000 - 0x00007ffd5c82f000 	C:\Windows\System32\msvcp_win.dll
0x00007ffd4e490000 - 0x00007ffd4e4a9000 	C:\Users\Muhammad\.p2\pool\plugins\org.eclipse.justj.openjdk.hotspot.jre.full.win32.x86_64_17.0.1.v20211116-1657\jre\bin\VCRUNTIME140.dll
0x00007ffd487c0000 - 0x00007ffd48a29000 	C:\Windows\WinSxS\amd64_microsoft.windows.common-controls_6595b64144ccf1df_6.0.17134.1_none_e4da93291059d8fb\COMCTL32.dll
0x00007ffd5dcc0000 - 0x00007ffd5dd5e000 	C:\Windows\System32\msvcrt.dll
0x00007ffd5f880000 - 0x00007ffd5fba3000 	C:\Windows\System32\combase.dll
0x00007ffd5f200000 - 0x00007ffd5f324000 	C:\Windows\System32\RPCRT4.dll
0x00007ffd5d7d0000 - 0x00007ffd5d84a000 	C:\Windows\System32\bcryptPrimitives.dll
0x00007ffd5f850000 - 0x00007ffd5f87d000 	C:\Windows\System32\IMM32.DLL
0x00007ffd51ec0000 - 0x00007ffd51ecc000 	C:\Users\Muhammad\.p2\pool\plugins\org.eclipse.justj.openjdk.hotspot.jre.full.win32.x86_64_17.0.1.v20211116-1657\jre\bin\vcruntime140_1.dll
0x00007ffd38f80000 - 0x00007ffd39011000 	C:\Users\Muhammad\.p2\pool\plugins\org.eclipse.justj.openjdk.hotspot.jre.full.win32.x86_64_17.0.1.v20211116-1657\jre\bin\msvcp140.dll
0x00007ffd2d960000 - 0x00007ffd2e5a6000 	C:\Users\Muhammad\.p2\pool\plugins\org.eclipse.justj.openjdk.hotspot.jre.full.win32.x86_64_17.0.1.v20211116-1657\jre\bin\server\jvm.dll
0x00007ffd602b0000 - 0x00007ffd60351000 	C:\Windows\System32\ADVAPI32.dll
0x00007ffd5fc80000 - 0x00007ffd5fcdb000 	C:\Windows\System32\sechost.dll
0x00007ffd5d850000 - 0x00007ffd5d858000 	C:\Windows\System32\PSAPI.DLL
0x00007ffd5b2e0000 - 0x00007ffd5b2e9000 	C:\Windows\SYSTEM32\WSOCK32.dll
0x00007ffd5f330000 - 0x00007ffd5f39c000 	C:\Windows\System32\WS2_32.dll
0x00007ffd591b0000 - 0x00007ffd591d3000 	C:\Windows\SYSTEM32\WINMM.dll
0x00007ffd4d260000 - 0x00007ffd4d26a000 	C:\Windows\SYSTEM32\VERSION.dll
0x00007ffd59180000 - 0x00007ffd591aa000 	C:\Windows\SYSTEM32\WINMMBASE.dll
0x00007ffd5c830000 - 0x00007ffd5c879000 	C:\Windows\System32\cfgmgr32.dll
0x00007ffd5c770000 - 0x00007ffd5c781000 	C:\Windows\System32\kernel.appcore.dll
0x00007ffd58080000 - 0x00007ffd5808a000 	C:\Users\Muhammad\.p2\pool\plugins\org.eclipse.justj.openjdk.hotspot.jre.full.win32.x86_64_17.0.1.v20211116-1657\jre\bin\jimage.dll
0x00007ffd5b0f0000 - 0x00007ffd5b2b9000 	C:\Windows\SYSTEM32\DBGHELP.DLL
0x00007ffd4c510000 - 0x00007ffd4c539000 	C:\Windows\SYSTEM32\dbgcore.DLL
0x00007ffd50000000 - 0x00007ffd50025000 	C:\Users\Muhammad\.p2\pool\plugins\org.eclipse.justj.openjdk.hotspot.jre.full.win32.x86_64_17.0.1.v20211116-1657\jre\bin\java.dll
0x00007ffd56af0000 - 0x00007ffd56b08000 	C:\Users\Muhammad\.p2\pool\plugins\org.eclipse.justj.openjdk.hotspot.jre.full.win32.x86_64_17.0.1.v20211116-1657\jre\bin\zip.dll
0x00007ffd5dd60000 - 0x00007ffd5f1a0000 	C:\Windows\System32\SHELL32.dll
0x00007ffd5fce0000 - 0x00007ffd5fd89000 	C:\Windows\System32\shcore.dll
0x00007ffd5cf60000 - 0x00007ffd5d66d000 	C:\Windows\System32\windows.storage.dll
0x00007ffd5da50000 - 0x00007ffd5daa1000 	C:\Windows\System32\shlwapi.dll
0x00007ffd5c730000 - 0x00007ffd5c74f000 	C:\Windows\System32\profapi.dll
0x00007ffd5c6e0000 - 0x00007ffd5c72c000 	C:\Windows\System32\powrprof.dll
0x00007ffd5c6d0000 - 0x00007ffd5c6da000 	C:\Windows\System32\FLTLIB.DLL
0x00007ffd329c0000 - 0x00007ffd32b4e000 	C:\Users\Muhammad\.p2\pool\plugins\org.eclipse.justj.openjdk.hotspot.jre.full.win32.x86_64_17.0.1.v20211116-1657\jre\bin\awt.dll
0x00007ffd5fbb0000 - 0x00007ffd5fc72000 	C:\Windows\System32\OLEAUT32.dll
0x00007ffd5a6c0000 - 0x00007ffd5a74b000 	C:\Windows\SYSTEM32\apphelp.dll
0x00007ffd5aaa0000 - 0x00007ffd5aac9000 	C:\Windows\system32\DWMAPI.DLL
0x00007ffd5a850000 - 0x00007ffd5a8e8000 	C:\Windows\system32\uxtheme.dll
0x00007ffd43210000 - 0x00007ffd43330000 	C:\Windows\system32\opengl32.dll
0x00007ffd4f3e0000 - 0x00007ffd4f40c000 	C:\Windows\SYSTEM32\GLU32.dll
0x00007ffd5f3a0000 - 0x00007ffd5f515000 	C:\Windows\System32\MSCTF.dll
0x00007ffd41000000 - 0x00007ffd41038000 	C:\Windows\system32\IMGSF50Filter_x64.dll
0x00007ffd5dae0000 - 0x00007ffd5dc31000 	C:\Windows\System32\ole32.dll
0x0000000055920000 - 0x00000000559f3000 	C:\Windows\WinSxS\amd64_microsoft.vc90.crt_1fc8b3b9a1e18e3b_9.0.30729.9415_none_08e0c10ba840a28a\MSVCP90.dll
0x0000000055870000 - 0x0000000055913000 	C:\Windows\WinSxS\amd64_microsoft.vc90.crt_1fc8b3b9a1e18e3b_9.0.30729.9415_none_08e0c10ba840a28a\MSVCR90.dll

dbghelp: loaded successfully - version: 4.0.5 - missing functions: none
symbol engine: initialized successfully - sym options: 0x614 - pdb path: .;C:\Users\Muhammad\.p2\pool\plugins\org.eclipse.justj.openjdk.hotspot.jre.full.win32.x86_64_17.0.1.v20211116-1657\jre\bin;C:\Windows\SYSTEM32;C:\Windows\WinSxS\amd64_microsoft.windows.common-controls_6595b64144ccf1df_6.0.17134.1_none_e4da93291059d8fb;C:\Users\Muhammad\.p2\pool\plugins\org.eclipse.justj.openjdk.hotspot.jre.full.win32.x86_64_17.0.1.v20211116-1657\jre\bin\server;C:\Windows\WinSxS\amd64_microsoft.vc90.crt_1fc8b3b9a1e18e3b_9.0.30729.9415_none_08e0c10ba840a28a

VM Arguments:
jvm_args: -Dfile.encoding=Cp1252 -XX:+ShowCodeDetailsInExceptionMessages -Djava.net.preferIPv4Stack=true 
java_command: project.Main
java_class_path (initial): C:\Users\Muhammad\eclipse-workspace\Health Management System\bin
Launcher Type: SUN_STANDARD

[Global flags]
     intx CICompilerCount                          = 3                                         {product} {ergonomic}
     uint ConcGCThreads                            = 1                                         {product} {ergonomic}
     uint G1ConcRefinementThreads                  = 4                                         {product} {ergonomic}
   size_t G1HeapRegionSize                         = 1048576                                   {product} {ergonomic}
    uintx GCDrainStackTargetSize                   = 64                                        {product} {ergonomic}
   size_t InitialHeapSize                          = 67108864                                  {product} {ergonomic}
   size_t MarkStackSize                            = 4194304                                   {product} {ergonomic}
   size_t MaxHeapSize                              = 1052770304                                {product} {ergonomic}
   size_t MaxNewSize                               = 631242752                                 {product} {ergonomic}
   size_t MinHeapDeltaBytes                        = 1048576                                   {product} {ergonomic}
   size_t MinHeapSize                              = 8388608                                   {product} {ergonomic}
    uintx NonNMethodCodeHeapSize                   = 5832780                                {pd product} {ergonomic}
    uintx NonProfiledCodeHeapSize                  = 122912730                              {pd product} {ergonomic}
    uintx ProfiledCodeHeapSize                     = 122912730                              {pd product} {ergonomic}
    uintx ReservedCodeCacheSize                    = 251658240                              {pd product} {ergonomic}
     bool SegmentedCodeCache                       = true                                      {product} {ergonomic}
     bool ShowCodeDetailsInExceptionMessages       = true                                   {manageable} {command line}
   size_t SoftMaxHeapSize                          = 1052770304                             {manageable} {ergonomic}
     bool UseCompressedClassPointers               = true                           {product lp64_product} {ergonomic}
     bool UseCompressedOops                        = true                           {product lp64_product} {ergonomic}
     bool UseG1GC                                  = true                                      {product} {ergonomic}
     bool UseLargePagesIndividualAllocation        = false                                  {pd product} {ergonomic}

Logging:
Log output configuration:
 #0: stdout all=warning uptime,level,tags
 #1: stderr all=off uptime,level,tags

Environment Variables:
_JAVA_OPTIONS=-Djava.net.preferIPv4Stack=true
PATH=C:/Users/Muhammad/.p2/pool/plugins/org.eclipse.justj.openjdk.hotspot.jre.full.win32.x86_64_17.0.1.v20211116-1657/jre/bin/server;C:/Users/Muhammad/.p2/pool/plugins/org.eclipse.justj.openjdk.hotspot.jre.full.win32.x86_64_17.0.1.v20211116-1657/jre/bin;C:\Program Files (x86)\NVIDIA Corporation\PhysX\Common;C:\Windows\system32;C:\Windows;C:\Windows\System32\Wbem;C:\Windows\System32\WindowsPowerShell\v1.0\;C:\Windows\System32\OpenSSH\;C:\Users\Najam\AppData\Local\Microsoft\WindowsApps;C:\adb;H:\Saim Abbas\Softwares\;C:\Program Files (x86)\Windows Kits\8.1\Windows Performance Toolkit\;C:\Program Files\PuTTY\;C:\Users\Muhammad\AppData\Local\Microsoft\WindowsApps;C:\Users\Muhammad\AppData\Roaming\npm;C:\Windows\System32;
USERNAME=Muhammad
OS=Windows_NT
PROCESSOR_IDENTIFIER=Intel64 Family 6 Model 61 Stepping 4, GenuineIntel



---------------  S Y S T E M  ---------------

OS:
 Windows 10 , 64 bit Build 17134 (10.0.17134.1)
OS uptime: 9 days 11:43 hours

CPU: total 4 (initial active 4) (2 cores per cpu, 2 threads per core) family 6 model 61 stepping 4 microcode 0x25, cx8, cmov, fxsr, ht, mmx, 3dnowpref, sse, sse2, sse3, ssse3, sse4.1, sse4.2, popcnt, lzcnt, tsc, tscinvbit, avx, avx2, aes, erms, clmul, bmi1, bmi2, adx, fma, vzeroupper, clflush

Memory: 4k page, system-wide physical 4011M (390M free)
TotalPageFile size 6703M (AvailPageFile size 2M)
current process WorkingSet (physical memory assigned to process): 55M, peak: 55M
current process commit charge ("private bytes"): 141M, peak: 142M

vm_info: OpenJDK 64-Bit Server VM (17.0.1+12) for windows-amd64 JRE (17.0.1+12), built on Oct 20 2021 07:42:55 by "" with MS VC++ 16.7 (VS2019)

END.
