#
# There is insufficient memory for the Java Runtime Environment to continue.
# Native memory allocation (malloc) failed to allocate 32744 bytes for ChunkPool::allocate
# Possible reasons:
#   The system is out of physical RAM or swap space
#   The process is running with CompressedOops enabled, and the Java Heap may be blocking the growth of the native heap
# Possible solutions:
#   Reduce memory load on the system
#   Increase physical memory or swap space
#   Check if swap backing store is full
#   Decrease Java heap size (-Xmx/-Xms)
#   Decrease number of Java threads
#   Decrease Java thread stack sizes (-Xss)
#   Set larger code cache with -XX:ReservedCodeCacheSize=
#   JVM is running with Unscaled Compressed Oops mode in which the Java heap is
#     placed in the first 4GB address space. The Java Heap base address is the
#     maximum limit for the native heap growth. Please use -XX:HeapBaseMinAddress
#     to set the Java Heap base and to place the Java Heap above 4GB virtual address.
# This output file may be truncated or incomplete.
#
#  Out of Memory Error (arena.cpp:78), pid=12712, tid=7324
#
# JRE version: OpenJDK Runtime Environment Temurin-17.0.1+12 (17.0.1+12) (build 17.0.1+12)
# Java VM: OpenJDK 64-Bit Server VM Temurin-17.0.1+12 (17.0.1+12, mixed mode, tiered, compressed oops, compressed class ptrs, g1 gc, windows-amd64)
# No core dump will be written. Minidumps are not enabled by default on client versions of Windows
#

---------------  S U M M A R Y ------------

Command Line: -Dfile.encoding=Cp1252 -XX:+ShowCodeDetailsInExceptionMessages -Djava.net.preferIPv4Stack=true project.Main

Host: Intel(R) Core(TM) M-5Y10c CPU @ 0.80GHz, 4 cores, 3G,  Windows 10 , 64 bit Build 17134 (10.0.17134.1)
Time: Sun Jun 12 10:26:06 2022 Pakistan Standard Time elapsed time: 1.352823 seconds (0d 0h 0m 1s)

---------------  T H R E A D  ---------------

Current thread (0x0000015abb983e60):  JavaThread "C1 CompilerThread0" daemon [_thread_in_native, id=7324, stack(0x0000001483800000,0x0000001483900000)]


Current CompileTask:
C1:   1353  190       3       jdk.internal.org.objectweb.asm.Frame::execute (2305 bytes)

Stack: [0x0000001483800000,0x0000001483900000]
Native frames: (J=compiled Java code, j=interpreted, Vv=VM code, C=native code)
V  [jvm.dll+0x6744da]
V  [jvm.dll+0x82e144]
V  [jvm.dll+0x82f8ee]
V  [jvm.dll+0x82ff53]
V  [jvm.dll+0x245175]
V  [jvm.dll+0xabaa0]
V  [jvm.dll+0xabdec]
V  [jvm.dll+0x15c5e0]
V  [jvm.dll+0x1602d2]
V  [jvm.dll+0x15d21e]
V  [jvm.dll+0x14b550]
V  [jvm.dll+0x134227]
V  [jvm.dll+0x133baf]
V  [jvm.dll+0x133de6]
V  [jvm.dll+0x13327a]
V  [jvm.dll+0x134f41]
V  [jvm.dll+0x226e38]
V  [jvm.dll+0x224f7c]
V  [jvm.dll+0x7e3f5b]
V  [jvm.dll+0x7de51a]
V  [jvm.dll+0x673305]
C  [ucrtbase.dll+0x1c1ae]
C  [KERNEL32.DLL+0x13034]
C  [ntdll.dll+0x71551]


---------------  P R O C E S S  ---------------

Threads class SMR info:
_java_thread_list=0x0000015abc53c250, length=12, elements={
0x0000015aa48cbfc0, 0x0000015abb965160, 0x0000015abb9681f0, 0x0000015abb97f350,
0x0000015abb97fc10, 0x0000015abb9814e0, 0x0000015abb981da0, 0x0000015abb982990,
0x0000015abb983e60, 0x0000015abb9b4020, 0x0000015abc558010, 0x0000015abc55c500
}

Java Threads: ( => current thread )
  0x0000015aa48cbfc0 JavaThread "main" [_thread_in_vm, id=2116, stack(0x0000001482a00000,0x0000001482b00000)]
  0x0000015abb965160 JavaThread "Reference Handler" daemon [_thread_blocked, id=748, stack(0x0000001483100000,0x0000001483200000)]
  0x0000015abb9681f0 JavaThread "Finalizer" daemon [_thread_blocked, id=15276, stack(0x0000001483200000,0x0000001483300000)]
  0x0000015abb97f350 JavaThread "Signal Dispatcher" daemon [_thread_blocked, id=7916, stack(0x0000001483300000,0x0000001483400000)]
  0x0000015abb97fc10 JavaThread "Attach Listener" daemon [_thread_blocked, id=8320, stack(0x0000001483400000,0x0000001483500000)]
  0x0000015abb9814e0 JavaThread "Service Thread" daemon [_thread_blocked, id=13624, stack(0x0000001483500000,0x0000001483600000)]
  0x0000015abb981da0 JavaThread "Monitor Deflation Thread" daemon [_thread_blocked, id=17020, stack(0x0000001483600000,0x0000001483700000)]
  0x0000015abb982990 JavaThread "C2 CompilerThread0" daemon [_thread_blocked, id=16456, stack(0x0000001483700000,0x0000001483800000)]
=>0x0000015abb983e60 JavaThread "C1 CompilerThread0" daemon [_thread_in_native, id=7324, stack(0x0000001483800000,0x0000001483900000)]
  0x0000015abb9b4020 JavaThread "Sweeper thread" daemon [_thread_blocked, id=9052, stack(0x0000001483900000,0x0000001483a00000)]
  0x0000015abc558010 JavaThread "Notification Thread" daemon [_thread_blocked, id=10192, stack(0x0000001483a00000,0x0000001483b00000)]
  0x0000015abc55c500 JavaThread "Common-Cleaner" daemon [_thread_blocked, id=15372, stack(0x0000001483c00000,0x0000001483d00000)]

Other Threads:
  0x0000015abb92ad60 VMThread "VM Thread" [stack: 0x0000001483000000,0x0000001483100000] [id=9428]
  0x0000015aa4933fb0 WatcherThread [stack: 0x0000001483b00000,0x0000001483c00000] [id=13112]
  0x0000015aa48faf30 GCTaskThread "GC Thread#0" [stack: 0x0000001482b00000,0x0000001482c00000] [id=2984]
  0x0000015aa4924b80 ConcurrentGCThread "G1 Main Marker" [stack: 0x0000001482c00000,0x0000001482d00000] [id=12696]
  0x0000015aa49254a0 ConcurrentGCThread "G1 Conc#0" [stack: 0x0000001482d00000,0x0000001482e00000] [id=2156]
  0x0000015aa4978140 ConcurrentGCThread "G1 Refine#0" [stack: 0x0000001482e00000,0x0000001482f00000] [id=13680]
  0x0000015aa497a980 ConcurrentGCThread "G1 Service" [stack: 0x0000001482f00000,0x0000001483000000] [id=14568]

Threads with active compile tasks:
C1 CompilerThread0     1431  190       3       jdk.internal.org.objectweb.asm.Frame::execute (2305 bytes)

VM state: not at safepoint (normal execution)

VM Mutex/Monitor currently owned by a thread:  ([mutex/lock_event])
[0x0000015aa48c7880] Metaspace_lock - owner thread: 0x0000015aa48cbfc0

Heap address: 0x00000000c1400000, size: 1004 MB, Compressed Oops mode: 32-bit

CDS archive(s) not mapped
Compressed class space mapped at: 0x0000000100000000-0x0000000140000000, reserved size: 1073741824
Narrow klass base: 0x0000000000000000, Narrow klass shift: 3, Narrow klass range: 0x140000000

GC Precious Log:
 CPUs: 4 total, 4 available
 Memory: 4011M
 Large Page Support: Disabled
 NUMA Support: Disabled
 Compressed Oops: Enabled (32-bit)
 Heap Region Size: 1M
 Heap Min Capacity: 8M
 Heap Initial Capacity: 64M
 Heap Max Capacity: 1004M
 Pre-touch: Disabled
 Parallel Workers: 4
 Concurrent Workers: 1
 Concurrent Refinement Workers: 4
 Periodic GC: Disabled

Heap:
 garbage-first heap   total 65536K, used 1024K [0x00000000c1400000, 0x0000000100000000)
  region size 1024K, 2 young (2048K), 0 survivors (0K)
 Metaspace       used 6617K, committed 6720K, reserved 1056768K
  class space    used 564K, committed 640K, reserved 1048576K

Heap Regions: E=young(eden), S=young(survivor), O=old, HS=humongous(starts), HC=humongous(continues), CS=collection set, F=free, OA=open archive, CA=closed archive, TAMS=top-at-mark-start (previous, next)
|   0|0x00000000c1400000, 0x00000000c1400000, 0x00000000c1500000|  0%| F|  |TAMS 0x00000000c1400000, 0x00000000c1400000| Untracked 
|   1|0x00000000c1500000, 0x00000000c1500000, 0x00000000c1600000|  0%| F|  |TAMS 0x00000000c1500000, 0x00000000c1500000| Untracked 
|   2|0x00000000c1600000, 0x00000000c1600000, 0x00000000c1700000|  0%| F|  |TAMS 0x00000000c1600000, 0x00000000c1600000| Untracked 
|   3|0x00000000c1700000, 0x00000000c1700000, 0x00000000c1800000|  0%| F|  |TAMS 0x00000000c1700000, 0x00000000c1700000| Untracked 
|   4|0x00000000c1800000, 0x00000000c1800000, 0x00000000c1900000|  0%| F|  |TAMS 0x00000000c1800000, 0x00000000c1800000| Untracked 
|   5|0x00000000c1900000, 0x00000000c1900000, 0x00000000c1a00000|  0%| F|  |TAMS 0x00000000c1900000, 0x00000000c1900000| Untracked 
|   6|0x00000000c1a00000, 0x00000000c1a00000, 0x00000000c1b00000|  0%| F|  |TAMS 0x00000000c1a00000, 0x00000000c1a00000| Untracked 
|   7|0x00000000c1b00000, 0x00000000c1b00000, 0x00000000c1c00000|  0%| F|  |TAMS 0x00000000c1b00000, 0x00000000c1b00000| Untracked 
|   8|0x00000000c1c00000, 0x00000000c1c00000, 0x00000000c1d00000|  0%| F|  |TAMS 0x00000000c1c00000, 0x00000000c1c00000| Untracked 
|   9|0x00000000c1d00000, 0x00000000c1d00000, 0x00000000c1e00000|  0%| F|  |TAMS 0x00000000c1d00000, 0x00000000c1d00000| Untracked 
|  10|0x00000000c1e00000, 0x00000000c1e00000, 0x00000000c1f00000|  0%| F|  |TAMS 0x00000000c1e00000, 0x00000000c1e00000| Untracked 
|  11|0x00000000c1f00000, 0x00000000c1f00000, 0x00000000c2000000|  0%| F|  |TAMS 0x00000000c1f00000, 0x00000000c1f00000| Untracked 
|  12|0x00000000c2000000, 0x00000000c2000000, 0x00000000c2100000|  0%| F|  |TAMS 0x00000000c2000000, 0x00000000c2000000| Untracked 
|  13|0x00000000c2100000, 0x00000000c2100000, 0x00000000c2200000|  0%| F|  |TAMS 0x00000000c2100000, 0x00000000c2100000| Untracked 
|  14|0x00000000c2200000, 0x00000000c2200000, 0x00000000c2300000|  0%| F|  |TAMS 0x00000000c2200000, 0x00000000c2200000| Untracked 
|  15|0x00000000c2300000, 0x00000000c2300000, 0x00000000c2400000|  0%| F|  |TAMS 0x00000000c2300000, 0x00000000c2300000| Untracked 
|  16|0x00000000c2400000, 0x00000000c2400000, 0x00000000c2500000|  0%| F|  |TAMS 0x00000000c2400000, 0x00000000c2400000| Untracked 
|  17|0x00000000c2500000, 0x00000000c2500000, 0x00000000c2600000|  0%| F|  |TAMS 0x00000000c2500000, 0x00000000c2500000| Untracked 
|  18|0x00000000c2600000, 0x00000000c2600000, 0x00000000c2700000|  0%| F|  |TAMS 0x00000000c2600000, 0x00000000c2600000| Untracked 
|  19|0x00000000c2700000, 0x00000000c2700000, 0x00000000c2800000|  0%| F|  |TAMS 0x00000000c2700000, 0x00000000c2700000| Untracked 
|  20|0x00000000c2800000, 0x00000000c2800000, 0x00000000c2900000|  0%| F|  |TAMS 0x00000000c2800000, 0x00000000c2800000| Untracked 
|  21|0x00000000c2900000, 0x00000000c2900000, 0x00000000c2a00000|  0%| F|  |TAMS 0x00000000c2900000, 0x00000000c2900000| Untracked 
|  22|0x00000000c2a00000, 0x00000000c2a00000, 0x00000000c2b00000|  0%| F|  |TAMS 0x00000000c2a00000, 0x00000000c2a00000| Untracked 
|  23|0x00000000c2b00000, 0x00000000c2b00000, 0x00000000c2c00000|  0%| F|  |TAMS 0x00000000c2b00000, 0x00000000c2b00000| Untracked 
|  24|0x00000000c2c00000, 0x00000000c2c00000, 0x00000000c2d00000|  0%| F|  |TAMS 0x00000000c2c00000, 0x00000000c2c00000| Untracked 
|  25|0x00000000c2d00000, 0x00000000c2d00000, 0x00000000c2e00000|  0%| F|  |TAMS 0x00000000c2d00000, 0x00000000c2d00000| Untracked 
|  26|0x00000000c2e00000, 0x00000000c2e00000, 0x00000000c2f00000|  0%| F|  |TAMS 0x00000000c2e00000, 0x00000000c2e00000| Untracked 
|  27|0x00000000c2f00000, 0x00000000c2f00000, 0x00000000c3000000|  0%| F|  |TAMS 0x00000000c2f00000, 0x00000000c2f00000| Untracked 
|  28|0x00000000c3000000, 0x00000000c3000000, 0x00000000c3100000|  0%| F|  |TAMS 0x00000000c3000000, 0x00000000c3000000| Untracked 
|  29|0x00000000c3100000, 0x00000000c3100000, 0x00000000c3200000|  0%| F|  |TAMS 0x00000000c3100000, 0x00000000c3100000| Untracked 
|  30|0x00000000c3200000, 0x00000000c3200000, 0x00000000c3300000|  0%| F|  |TAMS 0x00000000c3200000, 0x00000000c3200000| Untracked 
|  31|0x00000000c3300000, 0x00000000c3300000, 0x00000000c3400000|  0%| F|  |TAMS 0x00000000c3300000, 0x00000000c3300000| Untracked 
|  32|0x00000000c3400000, 0x00000000c3400000, 0x00000000c3500000|  0%| F|  |TAMS 0x00000000c3400000, 0x00000000c3400000| Untracked 
|  33|0x00000000c3500000, 0x00000000c3500000, 0x00000000c3600000|  0%| F|  |TAMS 0x00000000c3500000, 0x00000000c3500000| Untracked 
|  34|0x00000000c3600000, 0x00000000c3600000, 0x00000000c3700000|  0%| F|  |TAMS 0x00000000c3600000, 0x00000000c3600000| Untracked 
|  35|0x00000000c3700000, 0x00000000c3700000, 0x00000000c3800000|  0%| F|  |TAMS 0x00000000c3700000, 0x00000000c3700000| Untracked 
|  36|0x00000000c3800000, 0x00000000c3800000, 0x00000000c3900000|  0%| F|  |TAMS 0x00000000c3800000, 0x00000000c3800000| Untracked 
|  37|0x00000000c3900000, 0x00000000c3900000, 0x00000000c3a00000|  0%| F|  |TAMS 0x00000000c3900000, 0x00000000c3900000| Untracked 
|  38|0x00000000c3a00000, 0x00000000c3a00000, 0x00000000c3b00000|  0%| F|  |TAMS 0x00000000c3a00000, 0x00000000c3a00000| Untracked 
|  39|0x00000000c3b00000, 0x00000000c3b00000, 0x00000000c3c00000|  0%| F|  |TAMS 0x00000000c3b00000, 0x00000000c3b00000| Untracked 
|  40|0x00000000c3c00000, 0x00000000c3c00000, 0x00000000c3d00000|  0%| F|  |TAMS 0x00000000c3c00000, 0x00000000c3c00000| Untracked 
|  41|0x00000000c3d00000, 0x00000000c3d00000, 0x00000000c3e00000|  0%| F|  |TAMS 0x00000000c3d00000, 0x00000000c3d00000| Untracked 
|  42|0x00000000c3e00000, 0x00000000c3e00000, 0x00000000c3f00000|  0%| F|  |TAMS 0x00000000c3e00000, 0x00000000c3e00000| Untracked 
|  43|0x00000000c3f00000, 0x00000000c3f00000, 0x00000000c4000000|  0%| F|  |TAMS 0x00000000c3f00000, 0x00000000c3f00000| Untracked 
|  44|0x00000000c4000000, 0x00000000c4000000, 0x00000000c4100000|  0%| F|  |TAMS 0x00000000c4000000, 0x00000000c4000000| Untracked 
|  45|0x00000000c4100000, 0x00000000c4100000, 0x00000000c4200000|  0%| F|  |TAMS 0x00000000c4100000, 0x00000000c4100000| Untracked 
|  46|0x00000000c4200000, 0x00000000c4200000, 0x00000000c4300000|  0%| F|  |TAMS 0x00000000c4200000, 0x00000000c4200000| Untracked 
|  47|0x00000000c4300000, 0x00000000c4300000, 0x00000000c4400000|  0%| F|  |TAMS 0x00000000c4300000, 0x00000000c4300000| Untracked 
|  48|0x00000000c4400000, 0x00000000c4400000, 0x00000000c4500000|  0%| F|  |TAMS 0x00000000c4400000, 0x00000000c4400000| Untracked 
|  49|0x00000000c4500000, 0x00000000c4500000, 0x00000000c4600000|  0%| F|  |TAMS 0x00000000c4500000, 0x00000000c4500000| Untracked 
|  50|0x00000000c4600000, 0x00000000c4600000, 0x00000000c4700000|  0%| F|  |TAMS 0x00000000c4600000, 0x00000000c4600000| Untracked 
|  51|0x00000000c4700000, 0x00000000c4700000, 0x00000000c4800000|  0%| F|  |TAMS 0x00000000c4700000, 0x00000000c4700000| Untracked 
|  52|0x00000000c4800000, 0x00000000c4800000, 0x00000000c4900000|  0%| F|  |TAMS 0x00000000c4800000, 0x00000000c4800000| Untracked 
|  53|0x00000000c4900000, 0x00000000c4900000, 0x00000000c4a00000|  0%| F|  |TAMS 0x00000000c4900000, 0x00000000c4900000| Untracked 
|  54|0x00000000c4a00000, 0x00000000c4a00000, 0x00000000c4b00000|  0%| F|  |TAMS 0x00000000c4a00000, 0x00000000c4a00000| Untracked 
|  55|0x00000000c4b00000, 0x00000000c4b00000, 0x00000000c4c00000|  0%| F|  |TAMS 0x00000000c4b00000, 0x00000000c4b00000| Untracked 
|  56|0x00000000c4c00000, 0x00000000c4c00000, 0x00000000c4d00000|  0%| F|  |TAMS 0x00000000c4c00000, 0x00000000c4c00000| Untracked 
|  57|0x00000000c4d00000, 0x00000000c4d00000, 0x00000000c4e00000|  0%| F|  |TAMS 0x00000000c4d00000, 0x00000000c4d00000| Untracked 
|  58|0x00000000c4e00000, 0x00000000c4e00000, 0x00000000c4f00000|  0%| F|  |TAMS 0x00000000c4e00000, 0x00000000c4e00000| Untracked 
|  59|0x00000000c4f00000, 0x00000000c4f00000, 0x00000000c5000000|  0%| F|  |TAMS 0x00000000c4f00000, 0x00000000c4f00000| Untracked 
|  60|0x00000000c5000000, 0x00000000c5000000, 0x00000000c5100000|  0%| F|  |TAMS 0x00000000c5000000, 0x00000000c5000000| Untracked 
|  61|0x00000000c5100000, 0x00000000c5100000, 0x00000000c5200000|  0%| F|  |TAMS 0x00000000c5100000, 0x00000000c5100000| Untracked 
|  62|0x00000000c5200000, 0x00000000c52c8370, 0x00000000c5300000| 78%| E|  |TAMS 0x00000000c5200000, 0x00000000c5200000| Complete 
|  63|0x00000000c5300000, 0x00000000c5400000, 0x00000000c5400000|100%| E|CS|TAMS 0x00000000c5300000, 0x00000000c5300000| Complete 

Card table byte_map: [0x0000015ab7170000,0x0000015ab7370000] _byte_map_base: 0x0000015ab6b66000

Marking Bits (Prev, Next): (CMBitMap*) 0x0000015aa48fd870, (CMBitMap*) 0x0000015aa48fd8b0
 Prev Bits: [0x0000015ab7570000, 0x0000015ab8520000)
 Next Bits: [0x0000015ab8520000, 0x0000015ab94d0000)

Polling page: 0x0000015aa2760000

Metaspace:

Usage:
  Non-class:      5.91 MB used.
      Class:    564.30 KB used.
       Both:      6.46 MB used.

Virtual space:
  Non-class space:        8.00 MB reserved,       5.94 MB ( 74%) committed,  1 nodes.
      Class space:        1.00 GB reserved,     640.00 KB ( <1%) committed,  1 nodes.
             Both:        1.01 GB reserved,       6.56 MB ( <1%) committed. 

Chunk freelists:
   Non-Class:  2.01 MB
       Class:  3.23 MB
        Both:  5.25 MB

MaxMetaspaceSize: unlimited
CompressedClassSpaceSize: 1.00 GB
Initial GC threshold: 21.00 MB
Current GC threshold: 21.00 MB
CDS: off
MetaspaceReclaimPolicy: balanced
 - commit_granule_bytes: 65536.
 - commit_granule_words: 8192.
 - virtual_space_node_default_size: 1048576.
 - enlarge_chunks_in_place: 1.
 - new_chunks_are_fully_committed: 0.
 - uncommit_free_chunks: 1.
 - use_allocation_guard: 0.
 - handle_deallocations: 1.


Internal statistics:

num_allocs_failed_limit: 0.
num_arena_births: 44.
num_arena_deaths: 0.
num_vsnodes_births: 2.
num_vsnodes_deaths: 0.
num_space_committed: 105.
num_space_uncommitted: 0.
num_chunks_returned_to_freelist: 0.
num_chunks_taken_from_freelist: 59.
num_chunk_merges: 0.
num_chunk_splits: 34.
num_chunks_enlarged: 20.
num_purges: 0.
num_inconsistent_stats: 0.

CodeHeap 'non-profiled nmethods': size=120000Kb used=70Kb max_used=70Kb free=119929Kb
 bounds [0x0000015aafa40000, 0x0000015aafcb0000, 0x0000015ab6f70000]
CodeHeap 'profiled nmethods': size=120000Kb used=204Kb max_used=204Kb free=119795Kb
 bounds [0x0000015aa8510000, 0x0000015aa8780000, 0x0000015aafa40000]
CodeHeap 'non-nmethods': size=5760Kb used=1088Kb max_used=1102Kb free=4672Kb
 bounds [0x0000015aa7f70000, 0x0000015aa81e0000, 0x0000015aa8510000]
 total_blobs=562 nmethods=202 adapters=273
 compilation: enabled
              stopped_count=0, restarted_count=0
 full_count=0

Compilation events (20 events):
Event: 1.333 Thread 0x0000015abb983e60 nmethod 176 0x0000015aa853e790 code [0x0000015aa853eba0, 0x0000015aa8540a58]
Event: 1.333 Thread 0x0000015abb983e60  183       3       jdk.internal.org.objectweb.asm.SymbolTable$Entry::<init> (17 bytes)
Event: 1.334 Thread 0x0000015abb983e60 nmethod 183 0x0000015aa8541390 code [0x0000015aa8541540, 0x0000015aa85416c8]
Event: 1.334 Thread 0x0000015abb983e60  180       3       jdk.internal.org.objectweb.asm.ByteVector::putByte (39 bytes)
Event: 1.335 Thread 0x0000015abb983e60 nmethod 180 0x0000015aa8541790 code [0x0000015aa8541940, 0x0000015aa8541b28]
Event: 1.335 Thread 0x0000015abb983e60  184       3       java.lang.Number::<init> (5 bytes)
Event: 1.335 Thread 0x0000015abb983e60 nmethod 184 0x0000015aa8541c90 code [0x0000015aa8541e20, 0x0000015aa8541f78]
Event: 1.335 Thread 0x0000015abb983e60  182       3       java.lang.Math::max (11 bytes)
Event: 1.336 Thread 0x0000015abb983e60 nmethod 182 0x0000015aa8542010 code [0x0000015aa85421a0, 0x0000015aa85422d8]
Event: 1.336 Thread 0x0000015abb983e60  177       3       java.lang.invoke.MemberName::initResolved (53 bytes)
Event: 1.336 Thread 0x0000015abb983e60 nmethod 177 0x0000015aa8542390 code [0x0000015aa8542520, 0x0000015aa85426d8]
Event: 1.336 Thread 0x0000015abb983e60  181       1       java.lang.invoke.LambdaForm$Name::index (5 bytes)
Event: 1.336 Thread 0x0000015abb983e60 nmethod 181 0x0000015aafa4ec90 code [0x0000015aafa4ee20, 0x0000015aafa4eef8]
Event: 1.337 Thread 0x0000015abb983e60  186       3       java.lang.invoke.MethodType::equals (31 bytes)
Event: 1.337 Thread 0x0000015abb983e60 nmethod 186 0x0000015aa8542790 code [0x0000015aa8542940, 0x0000015aa8542b28]
Event: 1.337 Thread 0x0000015abb983e60  187       3       java.lang.invoke.MemberName::testAllFlags (7 bytes)
Event: 1.338 Thread 0x0000015abb983e60 nmethod 187 0x0000015aa8542c10 code [0x0000015aa8542da0, 0x0000015aa8542f78]
Event: 1.338 Thread 0x0000015abb983e60  188       3       java.lang.invoke.MethodType::parameterCount (6 bytes)
Event: 1.338 Thread 0x0000015abb983e60 nmethod 188 0x0000015aa8543010 code [0x0000015aa85431a0, 0x0000015aa85432b8]
Event: 1.338 Thread 0x0000015abb983e60  190       3       jdk.internal.org.objectweb.asm.Frame::execute (2305 bytes)

GC Heap History (0 events):
No events

Deoptimization events (0 events):
No events

Classes unloaded (0 events):
No events

Classes redefined (0 events):
No events

Internal exceptions (1 events):
Event: 1.209 Thread 0x0000015aa48cbfc0 Exception <a 'java/lang/ClassNotFoundException'{0x00000000c5234ad8}: sun/awt/resources/spi/awtProvider> (0x00000000c5234ad8) 
thrown [e:\jenkins\tmp\workspace\build\src\src\hotspot\share\classfile\systemDictionary.cpp, line 256]

VM Operations (2 events):
Event: 1.172 Executing VM operation: Cleanup
Event: 1.175 Executing VM operation: Cleanup done

Events (20 events):
Event: 1.302 loading class java/lang/invoke/InvokerBytecodeGenerator$ClassData
Event: 1.302 loading class java/lang/invoke/InvokerBytecodeGenerator$ClassData done
Event: 1.307 loading class java/lang/invoke/BoundMethodHandle$Species_LL
Event: 1.308 loading class java/lang/invoke/BoundMethodHandle$Species_LL done
Event: 1.316 loading class java/lang/invoke/BoundMethodHandle$Species_LLL
Event: 1.316 loading class java/lang/invoke/BoundMethodHandle$Species_LLL done
Event: 1.323 loading class java/lang/invoke/BoundMethodHandle$Species_LLLL
Event: 1.323 loading class java/lang/invoke/BoundMethodHandle$Species_LLLL done
Event: 1.329 loading class java/lang/invoke/BoundMethodHandle$Species_LLLLL
Event: 1.329 loading class java/lang/invoke/BoundMethodHandle$Species_LLLLL done
Event: 1.333 loading class java/lang/Long$LongCache
Event: 1.334 loading class java/lang/Long$LongCache done
Event: 1.334 loading class java/lang/invoke/MethodHandles$1
Event: 1.335 loading class java/lang/invoke/MethodHandles$1 done
Event: 1.335 loading class java/lang/invoke/BoundMethodHandle$Species_LJ
Event: 1.335 loading class java/lang/invoke/BoundMethodHandle$Species_LJ done
Event: 1.340 loading class java/lang/invoke/BoundMethodHandle$Species_LLLLLL
Event: 1.340 loading class java/lang/invoke/BoundMethodHandle$Species_LLLLLL done
Event: 1.347 loading class java/lang/invoke/BoundMethodHandle$Species_LLLLLLL
Event: 1.347 loading class java/lang/invoke/BoundMethodHandle$Species_LLLLLLL done


Dynamic libraries:
0x00007ff78d7c0000 - 0x00007ff78d7ce000 	C:\Users\Muhammad\.p2\pool\plugins\org.eclipse.justj.openjdk.hotspot.jre.full.win32.x86_64_17.0.1.v20211116-1657\jre\bin\javaw.exe
0x00007ffd603c0000 - 0x00007ffd605a1000 	C:\Windows\SYSTEM32\ntdll.dll
0x00007ffd601e0000 - 0x00007ffd60292000 	C:\Windows\System32\KERNEL32.DLL
0x00007ffd5ca20000 - 0x00007ffd5cc93000 	C:\Windows\System32\KERNELBASE.dll
0x00007ffd5d670000 - 0x00007ffd5d76a000 	C:\Windows\System32\ucrtbase.dll
0x00007ffd57300000 - 0x00007ffd57318000 	C:\Users\Muhammad\.p2\pool\plugins\org.eclipse.justj.openjdk.hotspot.jre.full.win32.x86_64_17.0.1.v20211116-1657\jre\bin\jli.dll
0x00007ffd5d860000 - 0x00007ffd5d9f0000 	C:\Windows\System32\USER32.dll
0x00007ffd5cf40000 - 0x00007ffd5cf60000 	C:\Windows\System32\win32u.dll
0x00007ffd60360000 - 0x00007ffd60388000 	C:\Windows\System32\GDI32.dll
0x00007ffd5c880000 - 0x00007ffd5ca12000 	C:\Windows\System32\gdi32full.dll
0x00007ffd5c790000 - 0x00007ffd5c82f000 	C:\Windows\System32\msvcp_win.dll
0x00007ffd52680000 - 0x00007ffd52699000 	C:\Users\Muhammad\.p2\pool\plugins\org.eclipse.justj.openjdk.hotspot.jre.full.win32.x86_64_17.0.1.v20211116-1657\jre\bin\VCRUNTIME140.dll
0x00007ffd487c0000 - 0x00007ffd48a29000 	C:\Windows\WinSxS\amd64_microsoft.windows.common-controls_6595b64144ccf1df_6.0.17134.1_none_e4da93291059d8fb\COMCTL32.dll
0x00007ffd5dcc0000 - 0x00007ffd5dd5e000 	C:\Windows\System32\msvcrt.dll
0x00007ffd5f880000 - 0x00007ffd5fba3000 	C:\Windows\System32\combase.dll
0x00007ffd5f200000 - 0x00007ffd5f324000 	C:\Windows\System32\RPCRT4.dll
0x00007ffd5d7d0000 - 0x00007ffd5d84a000 	C:\Windows\System32\bcryptPrimitives.dll
0x00007ffd5f850000 - 0x00007ffd5f87d000 	C:\Windows\System32\IMM32.DLL
0x00007ffd59270000 - 0x00007ffd5927c000 	C:\Users\Muhammad\.p2\pool\plugins\org.eclipse.justj.openjdk.hotspot.jre.full.win32.x86_64_17.0.1.v20211116-1657\jre\bin\vcruntime140_1.dll
0x00007ffd39310000 - 0x00007ffd393a1000 	C:\Users\Muhammad\.p2\pool\plugins\org.eclipse.justj.openjdk.hotspot.jre.full.win32.x86_64_17.0.1.v20211116-1657\jre\bin\msvcp140.dll
0x00007ffd27350000 - 0x00007ffd27f96000 	C:\Users\Muhammad\.p2\pool\plugins\org.eclipse.justj.openjdk.hotspot.jre.full.win32.x86_64_17.0.1.v20211116-1657\jre\bin\server\jvm.dll
0x00007ffd602b0000 - 0x00007ffd60351000 	C:\Windows\System32\ADVAPI32.dll
0x00007ffd5fc80000 - 0x00007ffd5fcdb000 	C:\Windows\System32\sechost.dll
0x00007ffd5d850000 - 0x00007ffd5d858000 	C:\Windows\System32\PSAPI.DLL
0x00007ffd5b2e0000 - 0x00007ffd5b2e9000 	C:\Windows\SYSTEM32\WSOCK32.dll
0x00007ffd5f330000 - 0x00007ffd5f39c000 	C:\Windows\System32\WS2_32.dll
0x00007ffd591b0000 - 0x00007ffd591d3000 	C:\Windows\SYSTEM32\WINMM.dll
0x00007ffd4d260000 - 0x00007ffd4d26a000 	C:\Windows\SYSTEM32\VERSION.dll
0x00007ffd59180000 - 0x00007ffd591aa000 	C:\Windows\SYSTEM32\WINMMBASE.dll
0x00007ffd5c830000 - 0x00007ffd5c879000 	C:\Windows\System32\cfgmgr32.dll
0x00007ffd5c770000 - 0x00007ffd5c781000 	C:\Windows\System32\kernel.appcore.dll
0x00007ffd53760000 - 0x00007ffd5376a000 	C:\Users\Muhammad\.p2\pool\plugins\org.eclipse.justj.openjdk.hotspot.jre.full.win32.x86_64_17.0.1.v20211116-1657\jre\bin\jimage.dll
0x00007ffd5b0f0000 - 0x00007ffd5b2b9000 	C:\Windows\SYSTEM32\DBGHELP.DLL
0x00007ffd4c510000 - 0x00007ffd4c539000 	C:\Windows\SYSTEM32\dbgcore.DLL
0x00007ffd46070000 - 0x00007ffd46095000 	C:\Users\Muhammad\.p2\pool\plugins\org.eclipse.justj.openjdk.hotspot.jre.full.win32.x86_64_17.0.1.v20211116-1657\jre\bin\java.dll
0x00007ffd45f70000 - 0x00007ffd45f88000 	C:\Users\Muhammad\.p2\pool\plugins\org.eclipse.justj.openjdk.hotspot.jre.full.win32.x86_64_17.0.1.v20211116-1657\jre\bin\zip.dll
0x00007ffd5dd60000 - 0x00007ffd5f1a0000 	C:\Windows\System32\SHELL32.dll
0x00007ffd5fce0000 - 0x00007ffd5fd89000 	C:\Windows\System32\shcore.dll
0x00007ffd5cf60000 - 0x00007ffd5d66d000 	C:\Windows\System32\windows.storage.dll
0x00007ffd5da50000 - 0x00007ffd5daa1000 	C:\Windows\System32\shlwapi.dll
0x00007ffd5c730000 - 0x00007ffd5c74f000 	C:\Windows\System32\profapi.dll
0x00007ffd5c6e0000 - 0x00007ffd5c72c000 	C:\Windows\System32\powrprof.dll
0x00007ffd5c6d0000 - 0x00007ffd5c6da000 	C:\Windows\System32\FLTLIB.DLL
0x00007ffd39180000 - 0x00007ffd3930e000 	C:\Users\Muhammad\.p2\pool\plugins\org.eclipse.justj.openjdk.hotspot.jre.full.win32.x86_64_17.0.1.v20211116-1657\jre\bin\awt.dll
0x00007ffd5fbb0000 - 0x00007ffd5fc72000 	C:\Windows\System32\OLEAUT32.dll
0x00007ffd5a6c0000 - 0x00007ffd5a74b000 	C:\Windows\SYSTEM32\apphelp.dll

dbghelp: loaded successfully - version: 4.0.5 - missing functions: none
symbol engine: initialized successfully - sym options: 0x614 - pdb path: .;C:\Users\Muhammad\.p2\pool\plugins\org.eclipse.justj.openjdk.hotspot.jre.full.win32.x86_64_17.0.1.v20211116-1657\jre\bin;C:\Windows\SYSTEM32;C:\Windows\WinSxS\amd64_microsoft.windows.common-controls_6595b64144ccf1df_6.0.17134.1_none_e4da93291059d8fb;C:\Users\Muhammad\.p2\pool\plugins\org.eclipse.justj.openjdk.hotspot.jre.full.win32.x86_64_17.0.1.v20211116-1657\jre\bin\server

VM Arguments:
jvm_args: -Dfile.encoding=Cp1252 -XX:+ShowCodeDetailsInExceptionMessages -Djava.net.preferIPv4Stack=true 
java_command: project.Main
java_class_path (initial): C:\Users\Muhammad\eclipse-workspace\Health Management System\bin
Launcher Type: SUN_STANDARD

[Global flags]
     intx CICompilerCount                          = 3                                         {product} {ergonomic}
     uint ConcGCThreads                            = 1                                         {product} {ergonomic}
     uint G1ConcRefinementThreads                  = 4                                         {product} {ergonomic}
   size_t G1HeapRegionSize                         = 1048576                                   {product} {ergonomic}
    uintx GCDrainStackTargetSize                   = 64                                        {product} {ergonomic}
   size_t InitialHeapSize                          = 67108864                                  {product} {ergonomic}
   size_t MarkStackSize                            = 4194304                                   {product} {ergonomic}
   size_t MaxHeapSize                              = 1052770304                                {product} {ergonomic}
   size_t MaxNewSize                               = 631242752                                 {product} {ergonomic}
   size_t MinHeapDeltaBytes                        = 1048576                                   {product} {ergonomic}
   size_t MinHeapSize                              = 8388608                                   {product} {ergonomic}
    uintx NonNMethodCodeHeapSize                   = 5832780                                {pd product} {ergonomic}
    uintx NonProfiledCodeHeapSize                  = 122912730                              {pd product} {ergonomic}
    uintx ProfiledCodeHeapSize                     = 122912730                              {pd product} {ergonomic}
    uintx ReservedCodeCacheSize                    = 251658240                              {pd product} {ergonomic}
     bool SegmentedCodeCache                       = true                                      {product} {ergonomic}
     bool ShowCodeDetailsInExceptionMessages       = true                                   {manageable} {command line}
   size_t SoftMaxHeapSize                          = 1052770304                             {manageable} {ergonomic}
     bool UseCompressedClassPointers               = true                           {product lp64_product} {ergonomic}
     bool UseCompressedOops                        = true                           {product lp64_product} {ergonomic}
     bool UseG1GC                                  = true                                      {product} {ergonomic}
     bool UseLargePagesIndividualAllocation        = false                                  {pd product} {ergonomic}

Logging:
Log output configuration:
 #0: stdout all=warning uptime,level,tags
 #1: stderr all=off uptime,level,tags

Environment Variables:
_JAVA_OPTIONS=-Djava.net.preferIPv4Stack=true
PATH=C:/Users/Muhammad/.p2/pool/plugins/org.eclipse.justj.openjdk.hotspot.jre.full.win32.x86_64_17.0.1.v20211116-1657/jre/bin/server;C:/Users/Muhammad/.p2/pool/plugins/org.eclipse.justj.openjdk.hotspot.jre.full.win32.x86_64_17.0.1.v20211116-1657/jre/bin;C:\Program Files (x86)\NVIDIA Corporation\PhysX\Common;C:\Windows\system32;C:\Windows;C:\Windows\System32\Wbem;C:\Windows\System32\WindowsPowerShell\v1.0\;C:\Windows\System32\OpenSSH\;C:\Users\Najam\AppData\Local\Microsoft\WindowsApps;C:\adb;H:\Saim Abbas\Softwares\;C:\Program Files (x86)\Windows Kits\8.1\Windows Performance Toolkit\;C:\Program Files\PuTTY\;C:\Users\Muhammad\AppData\Local\Microsoft\WindowsApps;C:\Users\Muhammad\AppData\Roaming\npm;C:\Windows\System32;
USERNAME=Muhammad
OS=Windows_NT
PROCESSOR_IDENTIFIER=Intel64 Family 6 Model 61 Stepping 4, GenuineIntel



---------------  S Y S T E M  ---------------

OS:
 Windows 10 , 64 bit Build 17134 (10.0.17134.1)
OS uptime: 9 days 22:50 hours

CPU: total 4 (initial active 4) (2 cores per cpu, 2 threads per core) family 6 model 61 stepping 4 microcode 0x25, cx8, cmov, fxsr, ht, mmx, 3dnowpref, sse, sse2, sse3, ssse3, sse4.1, sse4.2, popcnt, lzcnt, tsc, tscinvbit, avx, avx2, aes, erms, clmul, bmi1, bmi2, adx, fma, vzeroupper, clflush

Memory: 4k page, system-wide physical 4011M (766M free)
TotalPageFile size 6627M (AvailPageFile size 3M)
current process WorkingSet (physical memory assigned to process): 34M, peak: 34M
current process commit charge ("private bytes"): 131M, peak: 131M

vm_info: OpenJDK 64-Bit Server VM (17.0.1+12) for windows-amd64 JRE (17.0.1+12), built on Oct 20 2021 07:42:55 by "" with MS VC++ 16.7 (VS2019)

END.
